<?xml version="1.0" encoding="UTF-8"?>
<testng-results ignored="0" total="1" passed="1" failed="0" skipped="0">
  <reporter-output>
  </reporter-output>
  <suite started-at="2025-06-18T13:51:48 IST" name="Default suite" finished-at="2025-06-18T13:51:58 IST" duration-ms="9677">
    <groups>
    </groups>
    <test started-at="2025-06-18T13:51:48 IST" name="Default test" finished-at="2025-06-18T13:51:58 IST" duration-ms="9677">
      <class name="StarAgileAssgnments.Assignment6">
        <test-method signature="captureScreenshot()[pri:0, instance:StarAgileAssgnments.Assignment6@dd05255]" started-at="2025-06-18T13:51:48 IST" name="captureScreenshot" finished-at="2025-06-18T13:51:58 IST" duration-ms="9613" status="PASS">
          <reporter-output>
          </reporter-output>
        </test-method> <!-- captureScreenshot -->
      </class> <!-- StarAgileAssgnments.Assignment6 -->
    </test> <!-- Default test -->
  </suite> <!-- Default suite -->
</testng-results>
