<?xml version="1.0" encoding="UTF-8"?>
<testng-results ignored="0" total="1" passed="1" failed="0" skipped="0">
  <reporter-output>
  </reporter-output>
  <suite started-at="2025-06-13T12:58:43 IST" name="Default suite" finished-at="2025-06-13T12:59:10 IST" duration-ms="26361">
    <groups>
    </groups>
    <test started-at="2025-06-13T12:58:43 IST" name="Default test" finished-at="2025-06-13T12:59:10 IST" duration-ms="26361">
      <class name="appiumConnectionSetups.CreateAppiumSessionWithUIAutomation2">
        <test-method signature="createAppiumConnectionWithUIA2()[pri:0, instance:appiumConnectionSetups.CreateAppiumSessionWithUIAutomation2@50a638b5]" started-at="2025-06-13T12:58:44 IST" name="createAppiumConnectionWithUIA2" finished-at="2025-06-13T12:59:10 IST" duration-ms="26294" status="PASS">
          <reporter-output>
          </reporter-output>
        </test-method> <!-- createAppiumConnectionWithUIA2 -->
      </class> <!-- appiumConnectionSetups.CreateAppiumSessionWithUIAutomation2 -->
    </test> <!-- Default test -->
  </suite> <!-- Default suite -->
</testng-results>
